[2014-08-27 15:21:25] [updater.App] [INFO ] ********** Rollout Integrity Client Tool **********
[2014-08-27 15:21:25] [configuration.ConfigurationUtils] [DEBUG] ConfigurationUtils.locate(): base is C:\Documents and Settings\Administrator\git\IntegrityUpdater2\kj, name is rict.properties
[2014-08-27 15:21:25] [configuration.ConfigurationUtils] [DEBUG] Loading configuration from the path C:\Documents and Settings\Administrator\git\IntegrityUpdater2\kj\rict.properties
[2014-08-27 15:21:25] [updater.App] [DEBUG] Added configuration from: C:\Documents and Settings\Administrator\git\IntegrityUpdater2\kj\rict.properties
[2014-08-27 15:21:25] [updater.WindowsUtils] [WARN ] SUCCESS: The process with PID 3124 child of PID 1404 has been terminated.
[2014-08-27 15:21:25] [updater.App] [INFO ] Find running IntegrityClient, process will be terminated
[2014-08-27 15:21:25] [updater.Utils] [INFO ] Directory copied from C:\Documents and Settings\Administrator\.mks\viewset  to C:\Documents and Settings\Administrator\git\IntegrityUpdater2\kj\mks_backup\.mks\viewset
[2014-08-27 15:21:25] [updater.Utils] [INFO ] Directory copied from C:\Documents and Settings\Administrator\.mks\viewset\admin  to C:\Documents and Settings\Administrator\git\IntegrityUpdater2\kj\mks_backup\.mks\viewset\admin
[2014-08-27 15:21:25] [updater.Utils] [INFO ] Directory copied from C:\Documents and Settings\Administrator\.mks\viewset\temp  to C:\Documents and Settings\Administrator\git\IntegrityUpdater2\kj\mks_backup\.mks\viewset\temp
[2014-08-27 15:21:25] [updater.Utils] [INFO ] Directory copied from C:\Documents and Settings\Administrator\.mks\viewset\user  to C:\Documents and Settings\Administrator\git\IntegrityUpdater2\kj\mks_backup\.mks\viewset\user
[2014-08-27 15:21:25] [updater.Utils] [INFO ] Directory copied from C:\Documents and Settings\Administrator\.mks\viewset\view  to C:\Documents and Settings\Administrator\git\IntegrityUpdater2\kj\mks_backup\.mks\viewset\view
[2014-08-27 15:21:45] [httpclient.HttpClient] [DEBUG] Java version: 1.7.0_60
[2014-08-27 15:21:45] [httpclient.HttpClient] [DEBUG] Java vendor: Oracle Corporation
[2014-08-27 15:21:45] [httpclient.HttpClient] [DEBUG] Java class path: C:\Documents and Settings\Administrator\git\IntegrityUpdater2\kj\target\classes;C:\Documents and Settings\Administrator\Desktop\mksapi.jar;C:\Documents and Settings\Administrator\.m2\repository\log4j\log4j\1.2.17\log4j-1.2.17.jar;C:\Documents and Settings\Administrator\.m2\repository\commons-configuration\commons-configuration\1.6\commons-configuration-1.6.jar;C:\Documents and Settings\Administrator\.m2\repository\commons-collections\commons-collections\3.2.1\commons-collections-3.2.1.jar;C:\Documents and Settings\Administrator\.m2\repository\commons-lang\commons-lang\2.4\commons-lang-2.4.jar;C:\Documents and Settings\Administrator\.m2\repository\commons-logging\commons-logging\1.1.1\commons-logging-1.1.1.jar;C:\Documents and Settings\Administrator\.m2\repository\commons-digester\commons-digester\1.8\commons-digester-1.8.jar;C:\Documents and Settings\Administrator\.m2\repository\commons-beanutils\commons-beanutils\1.7.0\commons-beanutils-1.7.0.jar;C:\Documents and Settings\Administrator\.m2\repository\commons-beanutils\commons-beanutils-core\1.8.0\commons-beanutils-core-1.8.0.jar;C:\Documents and Settings\Administrator\git\IntegrityUpdater2\kj;C:\Documents and Settings\Administrator\git\IntegrityUpdater2\kj\target
[2014-08-27 15:21:45] [httpclient.HttpClient] [DEBUG] Operating system name: Windows XP
[2014-08-27 15:21:45] [httpclient.HttpClient] [DEBUG] Operating system architecture: x86
[2014-08-27 15:21:45] [httpclient.HttpClient] [DEBUG] Operating system version: 5.1
[2014-08-27 15:21:45] [httpclient.HttpClient] [DEBUG] SUN 1.7: SUN (DSA key/parameter generation; DSA signing; SHA-1, MD5 digests; SecureRandom; X.509 certificates; JKS keystore; PKIX CertPathValidator; PKIX CertPathBuilder; LDAP, Collection CertStores, JavaPolicy Policy; JavaLoginConfig Configuration)
[2014-08-27 15:21:45] [httpclient.HttpClient] [DEBUG] SunRsaSign 1.7: Sun RSA signature provider
[2014-08-27 15:21:45] [httpclient.HttpClient] [DEBUG] SunEC 1.7: Sun Elliptic Curve provider (EC, ECDSA, ECDH)
[2014-08-27 15:21:45] [httpclient.HttpClient] [DEBUG] SunJSSE 1.7: Sun JSSE provider(PKCS12, SunX509 key/trust factories, SSLv3, TLSv1)
[2014-08-27 15:21:45] [httpclient.HttpClient] [DEBUG] SunJCE 1.7: SunJCE Provider (implements RSA, DES, Triple DES, AES, Blowfish, ARCFOUR, RC2, PBE, Diffie-Hellman, HMAC)
[2014-08-27 15:21:45] [httpclient.HttpClient] [DEBUG] SunJGSS 1.7: Sun (Kerberos v5, SPNEGO)
[2014-08-27 15:21:45] [httpclient.HttpClient] [DEBUG] SunSASL 1.7: Sun SASL provider(implements client mechanisms for: DIGEST-MD5, GSSAPI, EXTERNAL, PLAIN, CRAM-MD5, NTLM; server mechanisms for: DIGEST-MD5, GSSAPI, CRAM-MD5, NTLM)
[2014-08-27 15:21:45] [httpclient.HttpClient] [DEBUG] XMLDSig 1.0: XMLDSig (DOM XMLSignatureFactory; DOM KeyInfoFactory)
[2014-08-27 15:21:45] [httpclient.HttpClient] [DEBUG] SunPCSC 1.7: Sun PC/SC provider
[2014-08-27 15:21:45] [httpclient.HttpClient] [DEBUG] SunMSCAPI 1.7: Sun's Microsoft Crypto API provider
[2014-08-27 15:21:48] [httpclient.MultiThreadedHttpConnectionManager] [DEBUG] HttpConnectionManager.getConnection:  config = HostConfiguration[host=127.0.0.1, protocol=http:80, port=31000], timeout = 0
[2014-08-27 15:21:48] [httpclient.MultiThreadedHttpConnectionManager] [DEBUG] Allocating new connection, hostConfig=HostConfiguration[host=127.0.0.1, protocol=http:80, port=31000]
[2014-08-27 15:21:48] [httpclient.HttpConnection] [DEBUG] HttpConnection.setSoTimeout(300000)
[2014-08-27 15:21:48] [httpclient.HttpMethodBase] [DEBUG] Execute loop try 1
[2014-08-27 15:21:48] [wire.header] [DEBUG] >> "HEAD /icapi HTTP/1.1[\r][\n]"
[2014-08-27 15:21:48] [httpclient.HttpMethodBase] [DEBUG] Adding Host request header
[2014-08-27 15:21:48] [wire.header] [DEBUG] >> "Protocol-version: 1.3[\r][\n]"
[2014-08-27 15:21:48] [wire.header] [DEBUG] >> "CodePage: UTF-8[\r][\n]"
[2014-08-27 15:21:48] [wire.header] [DEBUG] >> "TimeZone: Europe/Minsk[\r][\n]"
[2014-08-27 15:21:48] [wire.header] [DEBUG] >> "SadCookie: [\r][\n]"
[2014-08-27 15:21:48] [wire.header] [DEBUG] >> "Authorization: Basic YXdlZWY6LA==[\r][\n]"
[2014-08-27 15:21:48] [wire.header] [DEBUG] >> "APIVersion: 4.13 000-00 0[\r][\n]"
[2014-08-27 15:21:48] [wire.header] [DEBUG] >> "AppSession: new[\r][\n]"
[2014-08-27 15:21:48] [wire.header] [DEBUG] >> "User-Agent: Jakarta Commons-HttpClient/2.0.2[\r][\n]"
[2014-08-27 15:21:48] [wire.header] [DEBUG] >> "Host: 127.0.0.1:31000[\r][\n]"
[2014-08-27 15:21:48] [wire.header] [DEBUG] >> "[\r][\n]"
[2014-08-27 15:21:48] [wire.header] [DEBUG] << "HTTP/1.1 302 Moved Temporarily[\r][\n]"
[2014-08-27 15:21:48] [wire.header] [DEBUG] << "Transfer-Encoding: Chunked[\r][\n]"
[2014-08-27 15:21:48] [wire.header] [DEBUG] << "Location: /icapi?mksSession=HttpSession-1409142108722-0[\r][\n]"
[2014-08-27 15:21:48] [httpclient.HttpMethodBase] [DEBUG] Resorting to protocol version default close connection policy
[2014-08-27 15:21:48] [httpclient.HttpMethodBase] [DEBUG] Should NOT close connection, using HTTP/1.1.
[2014-08-27 15:21:48] [httpclient.HttpMethodBase] [DEBUG] Redirect required
[2014-08-27 15:21:48] [httpclient.HttpMethodBase] [INFO ] Redirect requested but followRedirects is disabled
[2014-08-27 15:21:48] [httpclient.MultiThreadedHttpConnectionManager] [DEBUG] Freeing connection, hostConfig=HostConfiguration[host=127.0.0.1, protocol=http:80, port=31000]
[2014-08-27 15:21:48] [httpclient.MultiThreadedHttpConnectionManager] [DEBUG] Notifying no-one, there are no waiting threads
[2014-08-27 15:21:48] [httpclient.MultiThreadedHttpConnectionManager] [DEBUG] HttpConnectionManager.getConnection:  config = HostConfiguration[host=127.0.0.1, protocol=http:80, port=31000], timeout = 0
[2014-08-27 15:21:48] [httpclient.MultiThreadedHttpConnectionManager] [DEBUG] Getting free connection, hostConfig=HostConfiguration[host=127.0.0.1, protocol=http:80, port=31000]
[2014-08-27 15:21:48] [httpclient.HttpConnection] [DEBUG] HttpConnection.setSoTimeout(300000)
[2014-08-27 15:21:48] [httpclient.HttpMethodBase] [DEBUG] Execute loop try 1
[2014-08-27 15:21:48] [wire.header] [DEBUG] >> "HEAD /icapi?mksSession=HttpSession-1409142108722-0 HTTP/1.1[\r][\n]"
[2014-08-27 15:21:48] [httpclient.HttpMethodBase] [DEBUG] Adding Host request header
[2014-08-27 15:21:48] [wire.header] [DEBUG] >> "Protocol-version: 1.3[\r][\n]"
[2014-08-27 15:21:48] [wire.header] [DEBUG] >> "CodePage: UTF-8[\r][\n]"
[2014-08-27 15:21:48] [wire.header] [DEBUG] >> "TimeZone: Europe/Minsk[\r][\n]"
[2014-08-27 15:21:48] [wire.header] [DEBUG] >> "SadCookie: [\r][\n]"
[2014-08-27 15:21:48] [wire.header] [DEBUG] >> "Authorization: Basic YXdlZWY6LA==[\r][\n]"
[2014-08-27 15:21:48] [wire.header] [DEBUG] >> "APIVersion: 4.13 000-00 0[\r][\n]"
[2014-08-27 15:21:48] [wire.header] [DEBUG] >> "AppSession: new[\r][\n]"
[2014-08-27 15:21:48] [wire.header] [DEBUG] >> "User-Agent: Jakarta Commons-HttpClient/2.0.2[\r][\n]"
[2014-08-27 15:21:48] [wire.header] [DEBUG] >> "Host: 127.0.0.1:31000[\r][\n]"
[2014-08-27 15:21:48] [wire.header] [DEBUG] >> "[\r][\n]"
[2014-08-27 15:21:48] [wire.header] [DEBUG] << "2d[\r][\n]"
[2014-08-27 15:21:48] [wire.header] [DEBUG] << "<html><title>Document moved</title>/</html>[\r][\n]"
[2014-08-27 15:21:48] [wire.header] [DEBUG] << "[\r][\n]"
[2014-08-27 15:21:48] [wire.header] [DEBUG] << "1f[\r][\n]"
[2014-08-27 15:21:48] [wire.header] [DEBUG] << "<body><h1>Document moved</h1>[\r][\n]"
[2014-08-27 15:21:48] [wire.header] [DEBUG] << "[\r][\n]"
[2014-08-27 15:21:48] [wire.header] [DEBUG] << "65[\r][\n]"
[2014-08-27 15:21:48] [wire.header] [DEBUG] << "This document has moved <a href="/icapi?mksSession=HttpSession-1409142108722-0">here</a>.<p></body>[\r][\n]"
[2014-08-27 15:21:48] [wire.header] [DEBUG] << "[\r][\n]"
[2014-08-27 15:21:48] [wire.header] [DEBUG] << "0[\r][\n]"
[2014-08-27 15:21:48] [wire.header] [DEBUG] << "[\r][\n]"
[2014-08-27 15:21:48] [wire.header] [DEBUG] << "HTTP/1.1 302 Moved Temporarily[\r][\n]"
[2014-08-27 15:21:48] [wire.header] [DEBUG] << "Transfer-Encoding: Chunked[\r][\n]"
[2014-08-27 15:21:48] [wire.header] [DEBUG] << "Location: /icapi?mksSession=HttpSession-1409142108722-0&mksCommandRunner=1409142108784-0[\r][\n]"
[2014-08-27 15:21:48] [httpclient.HttpMethodBase] [DEBUG] Resorting to protocol version default close connection policy
[2014-08-27 15:21:48] [httpclient.HttpMethodBase] [DEBUG] Should NOT close connection, using HTTP/1.1.
[2014-08-27 15:21:48] [httpclient.HttpMethodBase] [DEBUG] Redirect required
[2014-08-27 15:21:48] [httpclient.HttpMethodBase] [INFO ] Redirect requested but followRedirects is disabled
[2014-08-27 15:21:48] [httpclient.MultiThreadedHttpConnectionManager] [DEBUG] Freeing connection, hostConfig=HostConfiguration[host=127.0.0.1, protocol=http:80, port=31000]
[2014-08-27 15:21:48] [httpclient.MultiThreadedHttpConnectionManager] [DEBUG] Notifying no-one, there are no waiting threads
[2014-08-27 15:21:48] [httpclient.MultiThreadedHttpConnectionManager] [DEBUG] HttpConnectionManager.getConnection:  config = HostConfiguration[host=127.0.0.1, protocol=http:80, port=31000], timeout = 0
[2014-08-27 15:21:48] [httpclient.MultiThreadedHttpConnectionManager] [DEBUG] Allocating new connection, hostConfig=HostConfiguration[host=127.0.0.1, protocol=http:80, port=31000]
[2014-08-27 15:21:48] [httpclient.HttpConnection] [DEBUG] HttpConnection.setSoTimeout(0)
[2014-08-27 15:21:48] [httpclient.HttpMethodBase] [DEBUG] Execute loop try 1
[2014-08-27 15:21:48] [wire.header] [DEBUG] >> "GET /icapi?mksSession=HttpSession-1409142108722-0&mksCommandRunner=1409142108784-0&mksApp=si HTTP/1.1[\r][\n]"
[2014-08-27 15:21:48] [httpclient.HttpMethodBase] [DEBUG] Adding Host request header
[2014-08-27 15:21:48] [wire.header] [DEBUG] >> "Protocol-version: 1.3[\r][\n]"
[2014-08-27 15:21:48] [wire.header] [DEBUG] >> "CodePage: UTF-8[\r][\n]"
[2014-08-27 15:21:48] [wire.header] [DEBUG] >> "TimeZone: Europe/Minsk[\r][\n]"
[2014-08-27 15:21:48] [wire.header] [DEBUG] >> "SadCookie: [\r][\n]"
[2014-08-27 15:21:48] [wire.header] [DEBUG] >> "Authorization: Basic YXdlZWY6LA==[\r][\n]"
[2014-08-27 15:21:48] [wire.header] [DEBUG] >> "APIVersion: 4.13 000-00 0[\r][\n]"
[2014-08-27 15:21:48] [wire.header] [DEBUG] >> "enableAdvancedFeatures: false[\r][\n]"
[2014-08-27 15:21:48] [wire.header] [DEBUG] >> "User-Agent: Jakarta Commons-HttpClient/2.0.2[\r][\n]"
[2014-08-27 15:21:48] [wire.header] [DEBUG] >> "Host: 127.0.0.1:31000[\r][\n]"
[2014-08-27 15:21:48] [wire.header] [DEBUG] >> "[\r][\n]"
[2014-08-27 15:21:48] [wire.header] [DEBUG] << "HTTP/1.1 200 OK[\r][\n]"
[2014-08-27 15:21:48] [wire.header] [DEBUG] << "Transfer-Encoding: Chunked[\r][\n]"
[2014-08-27 15:21:48] [wire.header] [DEBUG] << "Content-Type: application/x-mks-blimp[\r][\n]"
[2014-08-27 15:21:48] [httpclient.HttpConnection] [DEBUG] HttpConnection.getSoTimeout()
[2014-08-27 15:21:48] [httpclient.HttpConnection] [DEBUG] Input data available
[2014-08-27 15:21:48] [wire.content] [DEBUG] << "4"
[2014-08-27 15:21:48] [wire.content] [DEBUG] << "[\r]"
[2014-08-27 15:21:48] [wire.content] [DEBUG] << "[\n]"
[2014-08-27 15:21:48] [wire.content] [DEBUG] << "[0x10]"
[2014-08-27 15:21:48] [wire.content] [DEBUG] << "[\r]"
[2014-08-27 15:21:48] [wire.content] [DEBUG] << "[\n]"
[2014-08-27 15:21:48] [wire.content] [DEBUG] << "0"
[2014-08-27 15:21:48] [wire.content] [DEBUG] << "[\r]"
[2014-08-27 15:21:48] [wire.content] [DEBUG] << "[\n]"
[2014-08-27 15:21:48] [wire.content] [DEBUG] << "[\r]"
[2014-08-27 15:21:48] [wire.content] [DEBUG] << "[\n]"
[2014-08-27 15:21:48] [httpclient.HttpMethodBase] [DEBUG] Resorting to protocol version default close connection policy
[2014-08-27 15:21:48] [httpclient.HttpMethodBase] [DEBUG] Should NOT close connection, using HTTP/1.1.
[2014-08-27 15:21:48] [httpclient.MultiThreadedHttpConnectionManager] [DEBUG] Freeing connection, hostConfig=HostConfiguration[host=127.0.0.1, protocol=http:80, port=31000]
[2014-08-27 15:21:48] [httpclient.MultiThreadedHttpConnectionManager] [DEBUG] Notifying no-one, there are no waiting threads
[2014-08-27 15:21:48] [httpclient.MultiThreadedHttpConnectionManager] [DEBUG] HttpConnectionManager.getConnection:  config = HostConfiguration[host=127.0.0.1, protocol=http:80, port=31000], timeout = 0
[2014-08-27 15:21:48] [httpclient.MultiThreadedHttpConnectionManager] [DEBUG] Getting free connection, hostConfig=HostConfiguration[host=127.0.0.1, protocol=http:80, port=31000]
[2014-08-27 15:21:48] [httpclient.HttpConnection] [DEBUG] HttpConnection.setSoTimeout(0)
[2014-08-27 15:21:48] [httpclient.HttpMethodBase] [DEBUG] Execute loop try 1
[2014-08-27 15:21:48] [wire.header] [DEBUG] >> "POST /icapi?mksSession=HttpSession-1409142108722-0&mksCommandRunner=1409142108784-0 HTTP/1.1[\r][\n]"
[2014-08-27 15:21:48] [httpclient.HttpMethodBase] [DEBUG] Adding Host request header
[2014-08-27 15:21:48] [wire.header] [DEBUG] >> "Protocol-version: 1.3[\r][\n]"
[2014-08-27 15:21:48] [wire.header] [DEBUG] >> "CodePage: UTF-8[\r][\n]"
[2014-08-27 15:21:48] [wire.header] [DEBUG] >> "TimeZone: Europe/Minsk[\r][\n]"
[2014-08-27 15:21:48] [wire.header] [DEBUG] >> "SadCookie: [\r][\n]"
[2014-08-27 15:21:48] [wire.header] [DEBUG] >> "Authorization: Basic YXdlZWY6LA==[\r][\n]"
[2014-08-27 15:21:48] [wire.header] [DEBUG] >> "APIVersion: 4.13 000-00 0[\r][\n]"
[2014-08-27 15:21:48] [wire.header] [DEBUG] >> "enableAdvancedFeatures: false[\r][\n]"
[2014-08-27 15:21:48] [wire.header] [DEBUG] >> "User-Agent: Jakarta Commons-HttpClient/2.0.2[\r][\n]"
[2014-08-27 15:21:48] [wire.header] [DEBUG] >> "Host: 127.0.0.1:31000[\r][\n]"
[2014-08-27 15:21:48] [wire.header] [DEBUG] >> "Transfer-Encoding: chunked[\r][\n]"
[2014-08-27 15:21:48] [wire.header] [DEBUG] >> "[\r][\n]"
[2014-08-27 15:21:48] [methods.EntityEnclosingMethod] [DEBUG] Using unbuffered request body
[2014-08-27 15:21:48] [wire.content] [DEBUG] >> "4[\r][\n]"
[2014-08-27 15:21:48] [wire.content] [DEBUG] >> "[0x0][0x0][0x0]k"
[2014-08-27 15:21:48] [wire.content] [DEBUG] >> "[\r][\n]"
[2014-08-27 15:21:48] [httpclient.ChunkedOutputStream] [DEBUG] Writing chunk (length: 4)
[2014-08-27 15:21:48] [wire.content] [DEBUG] >> "6b[\r][\n]"
[2014-08-27 15:21:48] [wire.content] [DEBUG] >> "C:\Documents and Settings\Administrator\git\IntegrityUpdater2\kj[0x0]si[0x0]sandboxes[0x0]--password=,[0x0]--user=aweef[0x0]--[0x0]"
[2014-08-27 15:21:48] [wire.content] [DEBUG] >> "[\r][\n]"
[2014-08-27 15:21:48] [httpclient.ChunkedOutputStream] [DEBUG] Writing chunk (length: 107)
[2014-08-27 15:21:48] [wire.content] [DEBUG] >> "0"
[2014-08-27 15:21:48] [wire.content] [DEBUG] >> "[\r][\n]"
[2014-08-27 15:21:48] [wire.content] [DEBUG] >> "[\r][\n]"
[2014-08-27 15:21:48] [httpclient.ChunkedOutputStream] [DEBUG] Writing closing chunk
[2014-08-27 15:21:48] [methods.EntityEnclosingMethod] [DEBUG] Request body sent
[2014-08-27 15:21:49] [wire.header] [DEBUG] << "HTTP/1.1 200 OK[\r][\n]"
[2014-08-27 15:21:49] [wire.header] [DEBUG] << "Transfer-Encoding: Chunked[\r][\n]"
[2014-08-27 15:21:49] [httpclient.HttpConnection] [DEBUG] HttpConnection.getSoTimeout()
[2014-08-27 15:21:49] [httpclient.HttpConnection] [DEBUG] Input data available
[2014-08-27 15:21:49] [wire.content] [DEBUG] << "4"
[2014-08-27 15:21:49] [wire.content] [DEBUG] << "[\r]"
[2014-08-27 15:21:49] [wire.content] [DEBUG] << "[\n]"
[2014-08-27 15:21:49] [wire.content] [DEBUG] << "[0x4]"
[2014-08-27 15:21:49] [wire.content] [DEBUG] << "z"
[2014-08-27 15:21:49] [wire.content] [DEBUG] << "[\r]"
[2014-08-27 15:21:49] [wire.content] [DEBUG] << "[\n]"
[2014-08-27 15:21:49] [wire.content] [DEBUG] << "7"
[2014-08-27 15:21:49] [wire.content] [DEBUG] << "a"
[2014-08-27 15:21:49] [wire.content] [DEBUG] << "[\r]"
[2014-08-27 15:21:49] [wire.content] [DEBUG] << "[\n]"
[2014-08-27 15:21:49] [wire.content] [DEBUG] << "<?xml version="1.0"?>[\n]"
[2014-08-27 15:21:49] [wire.content] [DEBUG] << "<Response command="sandboxes" app="si" version="4.13.0 0-0 0">[\n]"
[2014-08-27 15:21:49] [wire.content] [DEBUG] << "  <ExitCode>0</ExitCode>[\n]"
[2014-08-27 15:21:49] [wire.content] [DEBUG] << "</Response>[\n]"
[2014-08-27 15:21:49] [wire.content] [DEBUG] << "[\r]"
[2014-08-27 15:21:49] [wire.content] [DEBUG] << "[\n]"
[2014-08-27 15:21:49] [wire.content] [DEBUG] << "4"
[2014-08-27 15:21:49] [wire.content] [DEBUG] << "[\r]"
[2014-08-27 15:21:49] [wire.content] [DEBUG] << "[\n]"
[2014-08-27 15:21:49] [wire.content] [DEBUG] << "[0x9]"
[2014-08-27 15:21:49] [wire.content] [DEBUG] << "[0x1]"
[2014-08-27 15:21:49] [wire.content] [DEBUG] << "[\r]"
[2014-08-27 15:21:49] [wire.content] [DEBUG] << "[\n]"
[2014-08-27 15:21:49] [wire.content] [DEBUG] << "1"
[2014-08-27 15:21:49] [wire.content] [DEBUG] << "[\r]"
[2014-08-27 15:21:49] [wire.content] [DEBUG] << "[\n]"
[2014-08-27 15:21:49] [wire.content] [DEBUG] << "[\r]"
[2014-08-27 15:21:49] [wire.content] [DEBUG] << "[\n]"
[2014-08-27 15:21:49] [wire.content] [DEBUG] << "0"
[2014-08-27 15:21:49] [wire.content] [DEBUG] << "[\r]"
[2014-08-27 15:21:49] [wire.content] [DEBUG] << "[\n]"
[2014-08-27 15:21:49] [wire.content] [DEBUG] << "[\r]"
[2014-08-27 15:21:49] [wire.content] [DEBUG] << "[\n]"
[2014-08-27 15:21:49] [httpclient.HttpMethodBase] [DEBUG] Resorting to protocol version default close connection policy
[2014-08-27 15:21:49] [httpclient.HttpMethodBase] [DEBUG] Should NOT close connection, using HTTP/1.1.
[2014-08-27 15:21:49] [httpclient.MultiThreadedHttpConnectionManager] [DEBUG] Freeing connection, hostConfig=HostConfiguration[host=127.0.0.1, protocol=http:80, port=31000]
[2014-08-27 15:21:49] [httpclient.MultiThreadedHttpConnectionManager] [DEBUG] Notifying no-one, there are no waiting threads
[2014-08-27 15:23:43] [httpclient.MultiThreadedHttpConnectionManager] [DEBUG] HttpConnectionManager.getConnection:  config = HostConfiguration[host=127.0.0.1, protocol=http:80, port=31000], timeout = 0
[2014-08-27 15:23:43] [httpclient.MultiThreadedHttpConnectionManager] [DEBUG] Getting free connection, hostConfig=HostConfiguration[host=127.0.0.1, protocol=http:80, port=31000]
[2014-08-27 15:23:43] [httpclient.HttpConnection] [DEBUG] HttpConnection.setSoTimeout(300000)
[2014-08-27 15:23:43] [httpclient.HttpMethodBase] [DEBUG] Execute loop try 1
[2014-08-27 15:23:43] [wire.header] [DEBUG] >> "HEAD /icapi?mksSession=HttpSession-1409142108722-0 HTTP/1.1[\r][\n]"
[2014-08-27 15:23:43] [httpclient.HttpMethodBase] [DEBUG] Adding Host request header
[2014-08-27 15:23:43] [wire.header] [DEBUG] >> "Protocol-version: 1.3[\r][\n]"
[2014-08-27 15:23:43] [wire.header] [DEBUG] >> "CodePage: UTF-8[\r][\n]"
[2014-08-27 15:23:43] [wire.header] [DEBUG] >> "TimeZone: Europe/Minsk[\r][\n]"
[2014-08-27 15:23:43] [wire.header] [DEBUG] >> "SadCookie: [\r][\n]"
[2014-08-27 15:23:43] [wire.header] [DEBUG] >> "Authorization: Basic YXdlZWY6LA==[\r][\n]"
[2014-08-27 15:23:43] [wire.header] [DEBUG] >> "APIVersion: 4.13 000-00 0[\r][\n]"
[2014-08-27 15:23:43] [wire.header] [DEBUG] >> "AppConnection: close[\r][\n]"
[2014-08-27 15:23:43] [wire.header] [DEBUG] >> "User-Agent: Jakarta Commons-HttpClient/2.0.2[\r][\n]"
[2014-08-27 15:23:43] [wire.header] [DEBUG] >> "Host: 127.0.0.1:31000[\r][\n]"
[2014-08-27 15:23:43] [wire.header] [DEBUG] >> "[\r][\n]"
[2014-08-27 15:23:43] [wire.header] [DEBUG] << "2d[\r][\n]"
[2014-08-27 15:23:43] [wire.header] [DEBUG] << "<html><title>Document moved</title>/</html>[\r][\n]"
[2014-08-27 15:23:43] [wire.header] [DEBUG] << "[\r][\n]"
[2014-08-27 15:23:43] [wire.header] [DEBUG] << "1f[\r][\n]"
[2014-08-27 15:23:43] [wire.header] [DEBUG] << "<body><h1>Document moved</h1>[\r][\n]"
[2014-08-27 15:23:43] [wire.header] [DEBUG] << "[\r][\n]"
[2014-08-27 15:23:43] [wire.header] [DEBUG] << "86[\r][\n]"
[2014-08-27 15:23:43] [wire.header] [DEBUG] << "This document has moved <a href="/icapi?mksSession=HttpSession-1409142108722-0&mksCommandRunner=1409142108784-0">here</a>.<p></body>[\r][\n]"
[2014-08-27 15:23:43] [wire.header] [DEBUG] << "[\r][\n]"
[2014-08-27 15:23:43] [wire.header] [DEBUG] << "0[\r][\n]"
[2014-08-27 15:23:43] [wire.header] [DEBUG] << "[\r][\n]"
[2014-08-27 15:23:43] [wire.header] [DEBUG] << "HTTP/1.1 302 Moved Temporarily[\r][\n]"
[2014-08-27 15:23:43] [wire.header] [DEBUG] << "Transfer-Encoding: Chunked[\r][\n]"
[2014-08-27 15:23:43] [wire.header] [DEBUG] << "Location: /icapi?mksSession=HttpSession-1409142108722-0&mksCommandRunner=1409142223262-3[\r][\n]"
[2014-08-27 15:23:43] [httpclient.HttpMethodBase] [DEBUG] Resorting to protocol version default close connection policy
[2014-08-27 15:23:43] [httpclient.HttpMethodBase] [DEBUG] Should NOT close connection, using HTTP/1.1.
[2014-08-27 15:23:43] [httpclient.HttpMethodBase] [DEBUG] Redirect required
[2014-08-27 15:23:43] [httpclient.HttpMethodBase] [INFO ] Redirect requested but followRedirects is disabled
[2014-08-27 15:23:43] [httpclient.MultiThreadedHttpConnectionManager] [DEBUG] Freeing connection, hostConfig=HostConfiguration[host=127.0.0.1, protocol=http:80, port=31000]
[2014-08-27 15:23:43] [httpclient.MultiThreadedHttpConnectionManager] [DEBUG] Notifying no-one, there are no waiting threads
[2014-08-27 15:23:43] [updater.App] [INFO ] Total time duration: 00:02:18s 
